<QueryDict: {'csrfmiddlewaretoken': ['aUfpnmhIGBCNzFIeuPtEsbwOauvCAoNM4WPBKCT13Ojv8a8vSF2kuxjHvsm1BifQ'], 'warranty_number': ['gchgc']}>
gchgc
<QueryDict: {'csrfmiddlewaretoken': ['WAde6XFc0Y8hCwMZ1NsjaVodJ6jiFRSuQ7POs1sc4Ngnmqnj7AypNmderSwM3ToM'], 'warranty_number': ['sfsd']}>
sfsd
<QueryDict: {'csrfmiddlewaretoken': ['Dyi02BuC2rOnYyWf2cFCxNk3hDL2MQZ0x5UAoFhC6gWtIsxz8ZLIae94ZpYwaSvi'], 'warranty_number': ['G1205123000AAADCBFACB']}>
G1205123000AAADCBFACB
<QueryDict: {'csrfmiddlewaretoken': ['TywrvpQVkpbZANsER30Y7tzTyzY52qbFN581RtDVoej5kH3YXQ64KUoUglbzqsHX'], 'warranty_number': ['G1205123000AAADCBFACB']}>
G1205123000AAADCBFACB
<QueryDict: {'csrfmiddlewaretoken': ['Gyl9jNd3h7V9IulAJrqEzRPWFfCIq7n2A5XJFR03lW3fsoWUPewKciEXn1PcO9Tk'], 'warranty_number': ['G1205123000AAADCBFACB']}>
G1205123000AAADCBFACB
<QueryDict: {'csrfmiddlewaretoken': ['pg5O3iKroZgofZQR9bjdrPNhpz0ceDojjNHopmxrsOouZTrbfYpj4gCi7ldGCFUB'], 'warranty_number': ['G1084610700AAHABGEIAB']}>
G1084610700AAHABGEIAB
<QueryDict: {'csrfmiddlewaretoken': ['IiSKl8gt6ozcVwFGh8ABPwsSzsBBS8mbCPukHc3tadHiFqg0nVGHsXhTheO5gaSt'], 'warranty_number': ['G1205123000AAADCBFACB']}>
G1205123000AAADCBFACB
<QueryDict: {'csrfmiddlewaretoken': ['yI9k554nzw4AudPAcviX0kjMrQh3eZ7QRk9WWXJf1DHjlbaRrHftXul9AkUEJfDw'], 'warranty_number': ['61205123000AAADCBFACB']}>
61205123000AAADCBFACB
<QueryDict: {'csrfmiddlewaretoken': ['yI9k554nzw4AudPAcviX0kjMrQh3eZ7QRk9WWXJf1DHjlbaRrHftXul9AkUEJfDw'], 'warranty_number': ['G1205123000AAADCBFACB']}>
G1205123000AAADCBFACB
<QueryDict: {'csrfmiddlewaretoken': ['8ySv4Rq8fzn9N3JrUGdCJa5T3g2FbRbMc7W5uBpG40kmE4KT06oYo3EhAd9IA0kj'], 'warranty_number': ['G1205123000AAADCBFACB']}>
G1205123000AAADCBFACB
<QueryDict: {'csrfmiddlewaretoken': ['8ySv4Rq8fzn9N3JrUGdCJa5T3g2FbRbMc7W5uBpG40kmE4KT06oYo3EhAd9IA0kj'], 'warranty_number': ['G1205123000AAADCBFACB']}>
G1205123000AAADCBFACB
<QueryDict: {'csrfmiddlewaretoken': ['awFdSgghmNAVkoGWTAnWrKjYNcWZmkAqt8FPJ8V9OUdEbm1d8MksoUllWGzARA66'], 'warranty_number': ['G1205123000AAADCBFACB']}>
G1205123000AAADCBFACB
<QueryDict: {'csrfmiddlewaretoken': ['Ntd4PSptoMajSzCsq2evGr0aNT1DpJXQw318qNh58buVAc0EBvuR8U4nXX9wgXyU'], 'warranty_number': ['G1205123000AAADCBFACB']}>
G1205123000AAADCBFACB
<QueryDict: {'csrfmiddlewaretoken': ['KsU2OsFfp3pKQnOP7aMfIUecg630VRykt2I6pnxR9sJmy0c1iD2BanipqabTM59o'], 'warranty_number': ['G1205123000AAADCBFACB']}>
G1205123000AAADCBFACB
<QueryDict: {'csrfmiddlewaretoken': ['oZcYBLmVJDUz604QHx3WndZQJcBuVtqc7z02cGext2ebODs2S0jiPG33TgJnMH1g'], 'warranty_number': ['G1205123011BBADCBFACB']}>
G1205123011BBADCBFACB
<QueryDict: {'csrfmiddlewaretoken': ['gEIvV7Bee5I4eJrIRbpZbd8xow85pMdNZewzw2tQYu2GWmPU2EFlDGcKyAgYg0OR'], 'warranty_number': ['G1205123010ABADCBFACB']}>
G1205123010ABADCBFACB
<QueryDict: {'csrfmiddlewaretoken': ['QmoZ2I7JTxdMjPcccc4RwRWsGIQee3tezWc3DDZlDWxo1sAonFkdYk0FQMY75h4i'], 'warranty_number': ['G1205123000AAADCBFACB']}>
G1205123000AAADCBFACB
<QueryDict: {'csrfmiddlewaretoken': ['QmoZ2I7JTxdMjPcccc4RwRWsGIQee3tezWc3DDZlDWxo1sAonFkdYk0FQMY75h4i'], 'warranty_number': ['G1205123000AAADCBFACB']}>
G1205123000AAADCBFACB
<QueryDict: {'csrfmiddlewaretoken': ['QLMVbhRjnhC84QGrechtV1KqZFGtPLQHzlAZMcJV7GWKMt4DpFxPnuOD9JOmGZrL'], 'warranty_number': ['G1205123012CBADCBFACB']}>
G1205123012CBADCBFACB
<QueryDict: {'csrfmiddlewaretoken': ['XQPd0SDFeimDhRAQyUgtvVnYqYFCpZrD0zFjpDRHGJ0ubgQCzAopNGDyk06TuRR1'], 'warranty_number': ['G1205123012CBADCBFACB']}>
G1205123012CBADCBFACB
<QueryDict: {'csrfmiddlewaretoken': ['MjjIPPZAYVUr3QpPa79ULI09HhicUNlAP29OeAdCqmyiXfFBbNhQ3tgJBjJtZFLY'], 'warranty_number': ['G1205120091BJAACBFACB']}>
G1205120091BJAACBFACB
<QueryDict: {'csrfmiddlewaretoken': ['ziHZNTodHsYZBNrGHhgOGmMLt6wZNvPeC1x5cECf9TCQvcHsIXoKY72ln8XgSnfC'], 'warranty_number': ['G1205120093EJAACBFACB']}>
G1205120093EJAACBFACB
<QueryDict: {'csrfmiddlewaretoken': ['ForpBdH07AuZhTYI51Ol3OzCwj0HqziuI7hv0YV2z18Qbieu6HWhlzPcqlrYvrIS'], 'warranty_number': ['sdfds']}>
sdfds
<QueryDict: {'csrfmiddlewaretoken': ['0baqQ0mR94Guh91E1WQOWjg9TPl8U2WR3U0wfLATBvklbyhq2CYKe4wJNRMpZUmf'], 'warranty_number': ['G1205120091BJAACBFACB']}>
G1205120091BJAACBFACB
<QueryDict: {'csrfmiddlewaretoken': ['oXiJtn0HDKfMOImPlWATDeynWMLpxy4BrG8PS8eJ5bTDI7CBmCIPVZOXQOcGCquZ'], 'warranty_number': ['G1205726010ABAGCHFACB']}>
G1205726010ABAGCHFACB
<QueryDict: {'csrfmiddlewaretoken': ['HbtAX6GokDPBDBFIepWL5pSnV8GAHdN4KUjGmRUqM4tsx0Vuf54Hna8XPa7RM5ds'], 'warranty_number': ['G1205726021BCAGCHFACB']}>
G1205726021BCAGCHFACB
<QueryDict: {'csrfmiddlewaretoken': ['n7zj1YT2kjI3yJqkT8O4rnRM49kTjZufqQppqJ74MKmUs8G6UOW0J87mYbLaoRUD'], 'warranty_number': ['G1205123011BBADCBFACB']}>
G1205123011BBADCBFACB
<QueryDict: {'csrfmiddlewaretoken': ['N2MKd8Ltsh0YFloHgSxgntJ6dQr8LUmfQLCQCTZvUIEPzKEthyFcFeZG7SSpQMMD'], 'warranty_number': ['G1205726047HEAGCHFACB']}>
G1205726047HEAGCHFACB
<QueryDict: {'csrfmiddlewaretoken': ['dRXSdezXdbzt1QILpcd7bKs7MxVn0B6WJ3sDAVybWzFCEXqV9k2UndRJDeNftJuF'], 'warranty_number': ['G1205726023DCAGCHFACB']}>
G1205726023DCAGCHFACB
<QueryDict: {'csrfmiddlewaretoken': ['Kl5mWsWBZiaojWeO1vManJphdnfmC9I9LTiLwtFK0XEqlZpLIL8rqAiGKJe1c5h6'], 'warranty_number': ['G1205726064EGAGAGCHFACB']}>
G1205726064EGAGAGCHFACB
<QueryDict: {'csrfmiddlewaretoken': ['7502qI88GynR9bVNwyhDHXCTkp4CPzof8Ddr0JRhHdRTbe6KdODUKOviRL3hpvXc'], 'warranty_number': ['G1205726064EGAGCHFACB']}>
G1205726064EGAGCHFACB
